[0m2021-02-26 19:18:48 V/Net 3391246527: No BdhSession cache[0m
[0m2021-02-26 19:18:48 V/Net 3391246527: No server list cached.[0m
[92m2021-02-26 19:18:48 I/Net 3391246527: Connected to server 183.3.235.162:14000[0m
[0m2021-02-26 19:18:48 V/Net 3391246527: Send: wtlogin.login[0m
[0m2021-02-26 19:18:49 V/Net 3391246527: Recv: LoginPacketResponse.Success[0m
[92m2021-02-26 19:18:49 I/Net 3391246527: Login successful[0m
[0m2021-02-26 19:18:49 V/Net 3391246527: Send: StatSvc.register[0m
[0m2021-02-26 19:18:49 V/Net 3391246527: Recv: Response(StatSvc.register)[0m
[92m2021-02-26 19:18:49 I/Net 3391246527: Scheduled key refresh in 5h 55min 0.0s.[0m
[0m2021-02-26 19:18:49 V/Net 3391246527: Send: StatSvc.register[0m
[0m2021-02-26 19:18:49 V/Net 3391246527: Recv: Response(StatSvc.register)[0m
[92m2021-02-26 19:18:49 I/Net 3391246527: Awaiting ConfigPushSvc.PushReq.[0m
[92m2021-02-26 19:18:49 I/Net 3391246527: Syncing friend message history...[0m
[92m2021-02-26 19:18:49 I/Net 3391246527: Start loading stranger list...[0m
[92m2021-02-26 19:18:49 I/Net 3391246527: Start loading friend list...[0m
[0m2021-02-26 19:18:49 V/Net 3391246527: Send: MessageSvc.PbGetMsg[0m
[0m2021-02-26 19:18:49 V/Net 3391246527: Send: StatSvc.GetDevLoginInfo[0m
[0m2021-02-26 19:18:49 V/Net 3391246527: Send: OidbSvc.0x496[0m
[0m2021-02-26 19:18:49 V/Net 3391246527: Send: OidbSvc.0x5d2_0[0m
[0m2021-02-26 19:18:49 V/Net 3391246527: Send: friendlist.getFriendGroupList[0m
[0m2021-02-26 19:18:49 V/Net 3391246527: Send: MessageSvc.PbDeleteMsg[0m
[0m2021-02-26 19:18:49 V/Net 3391246527: Send: MessageSvc.PbGetMsg[0m
[0m2021-02-26 19:18:49 V/Net 3391246527: Recv: TroopManagement.GetTroopConfig.Response(true)[0m
[92m2021-02-26 19:18:49 I/Net 3391246527: Start loading group list...[0m
[0m2021-02-26 19:18:49 V/Net 3391246527: Send: friendlist.GetTroopListReqV2[0m
[0m2021-02-26 19:18:49 V/Net 3391246527: Recv: StrangerList.GetStrangerList.Response(result=0)[0m
[0m2021-02-26 19:18:49 V/Net 3391246527: Send: MessageSvc.PbDeleteMsg[0m
[92m2021-02-26 19:18:49 I/Net 3391246527: Successfully loaded stranger list: 0 in total[0m
[0m2021-02-26 19:18:49 V/Net 3391246527: Recv: StatSvc.GetDevLoginInfo.Response(deviceList.size=1)[0m
[92m2021-02-26 19:18:50 I/Net 3391246527: Syncing friend message history: Success.[0m
[0m2021-02-26 19:18:50 V/Net 3391246527: Recv: FriendList.GetFriendGroupList.Response[0m
[0m2021-02-26 19:18:50 V/Net 3391246527: Loading friend list: 5/5[0m
[92m2021-02-26 19:18:50 I/Net 3391246527: Successfully loaded friend list: 5 in total[0m
[0m2021-02-26 19:18:50 V/Net 3391246527: Recv: FriendList.GetFriendGroupList.Response[0m
[0m2021-02-26 19:18:50 V/Net 3391246527: Send: friendlist.GetTroopMemberListReq[0m
[0m2021-02-26 19:18:50 V/Net 3391246527: Send: friendlist.GetTroopMemberListReq[0m
[0m2021-02-26 19:18:50 V/Net 3391246527: Send: friendlist.GetTroopMemberListReq[0m
[0m2021-02-26 19:18:50 V/Net 3391246527: Recv: FriendList.GetTroopMemberList.Response[0m
[0m2021-02-26 19:18:50 V/Net 3391246527: Recv: FriendList.GetTroopMemberList.Response[0m
[0m2021-02-26 19:18:50 V/Net 3391246527: Recv: FriendList.GetTroopMemberList.Response[0m
[0m2021-02-26 19:18:50 V/Net 3391246527: Send: friendlist.GetTroopMemberListReq[0m
[0m2021-02-26 19:18:50 V/Net 3391246527: Recv: FriendList.GetTroopMemberList.Response[0m
[92m2021-02-26 19:18:50 I/Net 3391246527: Successfully loaded group list: 3 in total.[0m
[0m2021-02-26 19:18:52 V/Net 3391246527: Recv: ConfigPushSvc.PushReq.PushReqResponse.ServerListPush[0m
[92m2021-02-26 19:18:52 I/Net 3391246527: Server list updated.[0m
[0m2021-02-26 19:18:52 V/Net 3391246527: No BdhSession to save to cache[0m
[0m2021-02-26 19:18:52 V/Net 3391246527: Saving server list to cache[0m
[0m2021-02-26 19:18:52 V/Net 3391246527: Send: ConfigPushSvc.PushResp[0m
[92m2021-02-26 19:18:52 I/Net 3391246527: ConfigPushSvc.PushReq: Server updated.[0m
[96m2021-02-26 19:18:52 D/Net 3391246527: Received unknown commandName: ConfigPushSvc.PushDomain[0m
[0m2021-02-26 19:18:52 V/Net 3391246527: Recv: ConfigPushSvc.PushReq.PushReqResponse.ConfigPush[0m
[0m2021-02-26 19:18:52 V/Net 3391246527: Saving bdh session to cache[0m
[0m2021-02-26 19:18:52 V/Net 3391246527: Send: ConfigPushSvc.PushResp[0m
[0m2021-02-26 19:20:07 V/Net 3391246527: Loading BdhSession from cache file[0m
[0m2021-02-26 19:20:07 V/Net 3391246527: Loading server list from cache.[0m
[92m2021-02-26 19:20:07 I/Net 3391246527: Connected to server 42.81.192.226:8080[0m
[0m2021-02-26 19:20:07 V/Net 3391246527: Send: wtlogin.login[0m
[0m2021-02-26 19:20:07 V/Net 3391246527: Recv: LoginPacketResponse.Success[0m
[92m2021-02-26 19:20:07 I/Net 3391246527: Login successful[0m
[0m2021-02-26 19:20:07 V/Net 3391246527: Send: StatSvc.register[0m
[0m2021-02-26 19:20:07 V/Net 3391246527: Recv: Response(StatSvc.register)[0m
[92m2021-02-26 19:20:07 I/Net 3391246527: Scheduled key refresh in 5h 55min 0.0s.[0m
[0m2021-02-26 19:20:07 V/Net 3391246527: Send: StatSvc.register[0m
[0m2021-02-26 19:20:08 V/Net 3391246527: Recv: Response(StatSvc.register)[0m
[92m2021-02-26 19:20:08 I/Net 3391246527: Awaiting ConfigPushSvc.PushReq.[0m
[92m2021-02-26 19:20:08 I/Net 3391246527: Syncing friend message history...[0m
[92m2021-02-26 19:20:08 I/Net 3391246527: Start loading stranger list...[0m
[92m2021-02-26 19:20:08 I/Net 3391246527: Start loading friend list...[0m
[0m2021-02-26 19:20:08 V/Net 3391246527: Send: StatSvc.GetDevLoginInfo[0m
[0m2021-02-26 19:20:08 V/Net 3391246527: Send: OidbSvc.0x496[0m
[0m2021-02-26 19:20:08 V/Net 3391246527: Send: MessageSvc.PbGetMsg[0m
[0m2021-02-26 19:20:08 V/Net 3391246527: Send: OidbSvc.0x5d2_0[0m
[0m2021-02-26 19:20:08 V/Net 3391246527: Send: friendlist.getFriendGroupList[0m
[0m2021-02-26 19:20:08 V/Net 3391246527: Recv: StatSvc.GetDevLoginInfo.Response(deviceList.size=1)[0m
[0m2021-02-26 19:20:08 V/Net 3391246527: Recv: StrangerList.GetStrangerList.Response(result=0)[0m
[92m2021-02-26 19:20:08 I/Net 3391246527: Successfully loaded stranger list: 0 in total[0m
[0m2021-02-26 19:20:08 V/Net 3391246527: Recv: TroopManagement.GetTroopConfig.Response(true)[0m
[92m2021-02-26 19:20:08 I/Net 3391246527: Start loading group list...[0m
[0m2021-02-26 19:20:08 V/Net 3391246527: Send: friendlist.GetTroopListReqV2[0m
[0m2021-02-26 19:20:08 V/Net 3391246527: Recv: FriendList.GetFriendGroupList.Response[0m
[0m2021-02-26 19:20:08 V/Net 3391246527: Loading friend list: 5/5[0m
[92m2021-02-26 19:20:08 I/Net 3391246527: Successfully loaded friend list: 5 in total[0m
[0m2021-02-26 19:20:08 V/Net 3391246527: Send: MessageSvc.PbDeleteMsg[0m
[0m2021-02-26 19:20:08 V/Net 3391246527: Send: MessageSvc.PbGetMsg[0m
[0m2021-02-26 19:20:08 V/Net 3391246527: Recv: FriendList.GetFriendGroupList.Response[0m
[0m2021-02-26 19:20:08 V/Net 3391246527: Send: friendlist.GetTroopMemberListReq[0m
[0m2021-02-26 19:20:08 V/Net 3391246527: Send: friendlist.GetTroopMemberListReq[0m
[0m2021-02-26 19:20:08 V/Net 3391246527: Send: friendlist.GetTroopMemberListReq[0m
[0m2021-02-26 19:20:08 V/Net 3391246527: Send: MessageSvc.PbDeleteMsg[0m
[92m2021-02-26 19:20:08 I/Net 3391246527: Syncing friend message history: Success.[0m
[0m2021-02-26 19:20:08 V/Net 3391246527: Recv: FriendList.GetTroopMemberList.Response[0m
[0m2021-02-26 19:20:08 V/Net 3391246527: Recv: FriendList.GetTroopMemberList.Response[0m
[0m2021-02-26 19:20:09 V/Net 3391246527: Recv: FriendList.GetTroopMemberList.Response[0m
[0m2021-02-26 19:20:09 V/Net 3391246527: Send: friendlist.GetTroopMemberListReq[0m
[0m2021-02-26 19:20:09 V/Net 3391246527: Recv: FriendList.GetTroopMemberList.Response[0m
[92m2021-02-26 19:20:09 I/Net 3391246527: Successfully loaded group list: 3 in total.[0m
[96m2021-02-26 19:20:11 D/Net 3391246527: Received unknown commandName: ConfigPushSvc.PushDomain[0m
[0m2021-02-26 19:20:11 V/Net 3391246527: Recv: ConfigPushSvc.PushReq.PushReqResponse.ConfigPush[0m
[0m2021-02-26 19:20:11 V/Net 3391246527: Saving bdh session to cache[0m
[0m2021-02-26 19:20:11 V/Net 3391246527: Send: ConfigPushSvc.PushResp[0m
[92m2021-02-26 19:20:11 I/Net 3391246527: ConfigPushSvc.PushReq: Config updated.[0m
[0m2021-02-26 19:20:37 V/Net 3391246527: Loading BdhSession from cache file[0m
[0m2021-02-26 19:20:37 V/Net 3391246527: Loading server list from cache.[0m
[92m2021-02-26 19:20:37 I/Net 3391246527: Connected to server 42.81.192.226:8080[0m
[0m2021-02-26 19:20:37 V/Net 3391246527: Send: wtlogin.login[0m
[0m2021-02-26 19:20:38 V/Net 3391246527: Recv: LoginPacketResponse.Success[0m
[92m2021-02-26 19:20:38 I/Net 3391246527: Login successful[0m
[0m2021-02-26 19:20:38 V/Net 3391246527: Send: StatSvc.register[0m
[0m2021-02-26 19:20:38 V/Net 3391246527: Recv: Response(StatSvc.register)[0m
[92m2021-02-26 19:20:38 I/Net 3391246527: Scheduled key refresh in 5h 55min 0.0s.[0m
[0m2021-02-26 19:20:38 V/Net 3391246527: Send: StatSvc.register[0m
[0m2021-02-26 19:20:38 V/Net 3391246527: Recv: Response(StatSvc.register)[0m
[92m2021-02-26 19:20:38 I/Net 3391246527: Awaiting ConfigPushSvc.PushReq.[0m
[92m2021-02-26 19:20:38 I/Net 3391246527: Syncing friend message history...[0m
[92m2021-02-26 19:20:38 I/Net 3391246527: Start loading stranger list...[0m
[0m2021-02-26 19:20:38 V/Net 3391246527: Send: StatSvc.GetDevLoginInfo[0m
[92m2021-02-26 19:20:38 I/Net 3391246527: Start loading friend list...[0m
[0m2021-02-26 19:20:38 V/Net 3391246527: Send: MessageSvc.PbGetMsg[0m
[0m2021-02-26 19:20:38 V/Net 3391246527: Send: OidbSvc.0x5d2_0[0m
[0m2021-02-26 19:20:38 V/Net 3391246527: Send: OidbSvc.0x496[0m
[0m2021-02-26 19:20:38 V/Net 3391246527: Send: friendlist.getFriendGroupList[0m
[0m2021-02-26 19:20:38 V/Net 3391246527: Recv: StrangerList.GetStrangerList.Response(result=0)[0m
[92m2021-02-26 19:20:38 I/Net 3391246527: Successfully loaded stranger list: 0 in total[0m
[0m2021-02-26 19:20:38 V/Net 3391246527: Recv: StatSvc.GetDevLoginInfo.Response(deviceList.size=1)[0m
[0m2021-02-26 19:20:38 V/Net 3391246527: Recv: TroopManagement.GetTroopConfig.Response(true)[0m
[92m2021-02-26 19:20:38 I/Net 3391246527: Start loading group list...[0m
[0m2021-02-26 19:20:38 V/Net 3391246527: Send: friendlist.GetTroopListReqV2[0m
[0m2021-02-26 19:20:38 V/Net 3391246527: Recv: FriendList.GetFriendGroupList.Response[0m
[0m2021-02-26 19:20:38 V/Net 3391246527: Loading friend list: 5/5[0m
[92m2021-02-26 19:20:38 I/Net 3391246527: Successfully loaded friend list: 5 in total[0m
[0m2021-02-26 19:20:38 V/Net 3391246527: Send: MessageSvc.PbDeleteMsg[0m
[0m2021-02-26 19:20:38 V/Net 3391246527: Send: MessageSvc.PbGetMsg[0m
[0m2021-02-26 19:20:39 V/Net 3391246527: Recv: FriendList.GetFriendGroupList.Response[0m
[0m2021-02-26 19:20:39 V/Net 3391246527: Send: friendlist.GetTroopMemberListReq[0m
[0m2021-02-26 19:20:39 V/Net 3391246527: Send: friendlist.GetTroopMemberListReq[0m
[0m2021-02-26 19:20:39 V/Net 3391246527: Send: friendlist.GetTroopMemberListReq[0m
[0m2021-02-26 19:20:39 V/Net 3391246527: Send: MessageSvc.PbDeleteMsg[0m
[92m2021-02-26 19:20:39 I/Net 3391246527: Syncing friend message history: Success.[0m
[0m2021-02-26 19:20:39 V/Net 3391246527: Recv: FriendList.GetTroopMemberList.Response[0m
[0m2021-02-26 19:20:39 V/Net 3391246527: Recv: FriendList.GetTroopMemberList.Response[0m
[0m2021-02-26 19:20:39 V/Net 3391246527: Recv: FriendList.GetTroopMemberList.Response[0m
[0m2021-02-26 19:20:39 V/Net 3391246527: Send: friendlist.GetTroopMemberListReq[0m
[0m2021-02-26 19:20:39 V/Net 3391246527: Recv: FriendList.GetTroopMemberList.Response[0m
[92m2021-02-26 19:20:39 I/Net 3391246527: Successfully loaded group list: 3 in total.[0m
[96m2021-02-26 19:20:41 D/Net 3391246527: Received unknown commandName: ConfigPushSvc.PushDomain[0m
[0m2021-02-26 19:20:41 V/Net 3391246527: Recv: ConfigPushSvc.PushReq.PushReqResponse.ConfigPush[0m
[0m2021-02-26 19:20:41 V/Net 3391246527: Saving bdh session to cache[0m
[0m2021-02-26 19:20:41 V/Net 3391246527: Send: ConfigPushSvc.PushResp[0m
[92m2021-02-26 19:20:41 I/Net 3391246527: ConfigPushSvc.PushReq: Config updated.[0m
[0m2021-02-26 19:20:50 V/Net 3391246527: Send: MessageSvc.PbSendMsg[0m
[0m2021-02-26 19:20:50 V/Net 3391246527: Recv: MessageSvcPbSendMsg.Response.SUCCESS[0m
